The system is: Linux - 5.15.0-46-generic - x86_64
Compiling the C compiler identification source file "CMakeCCompilerId.c" succeeded.
Compiler: /usr/bin/cc 
Build flags: 
Id flags:  

The output was:
0


Compilation of the C compiler identification source "CMakeCCompilerId.c" produced "a.out"

The C compiler identification is GNU, found in "/store/MDA_project/distopia2/build/CMakeFiles/3.22.1/CompilerIdC/a.out"

Compiling the CXX compiler identification source file "CMakeCXXCompilerId.cpp" succeeded.
Compiler: /usr/bin/c++ 
Build flags: 
Id flags:  

The output was:
0


Compilation of the CXX compiler identification source "CMakeCXXCompilerId.cpp" produced "a.out"

The CXX compiler identification is GNU, found in "/store/MDA_project/distopia2/build/CMakeFiles/3.22.1/CompilerIdCXX/a.out"

Detecting C compiler ABI info compiled with the following output:
Change Dir: /store/MDA_project/distopia2/build/CMakeFiles/CMakeTmp

Run Build Command(s):/usr/bin/gmake -f Makefile cmTC_a2a56/fast && /usr/bin/gmake  -f CMakeFiles/cmTC_a2a56.dir/build.make CMakeFiles/cmTC_a2a56.dir/build
gmake[1]: Entering directory '/store/MDA_project/distopia2/build/CMakeFiles/CMakeTmp'
Building C object CMakeFiles/cmTC_a2a56.dir/CMakeCCompilerABI.c.o
/usr/bin/cc   -v -o CMakeFiles/cmTC_a2a56.dir/CMakeCCompilerABI.c.o -c /usr/share/cmake-3.22/Modules/CMakeCCompilerABI.c
Using built-in specs.
COLLECT_GCC=/usr/bin/cc
Target: x86_64-linux-gnu
Configured with: ../src/configure -v --with-pkgversion='Ubuntu 10.3.0-15ubuntu1' --with-bugurl=file:///usr/share/doc/gcc-10/README.Bugs --enable-languages=c,ada,c++,go,brig,d,fortran,objc,obj-c++,m2 --prefix=/usr --with-gcc-major-version-only --program-suffix=-10 --program-prefix=x86_64-linux-gnu- --enable-shared --enable-linker-build-id --libexecdir=/usr/lib --without-included-gettext --enable-threads=posix --libdir=/usr/lib --enable-nls --enable-bootstrap --enable-clocale=gnu --enable-libstdcxx-debug --enable-libstdcxx-time=yes --with-default-libstdcxx-abi=new --enable-gnu-unique-object --disable-vtable-verify --enable-plugin --enable-default-pie --with-system-zlib --enable-libphobos-checking=release --with-target-system-zlib=auto --enable-objc-gc=auto --enable-multiarch --disable-werror --with-arch-32=i686 --with-abi=m64 --with-multilib-list=m32,m64,mx32 --enable-multilib --with-tune=generic --enable-offload-targets=hsa --without-cuda-driver --enable-checking=release --build=x86_64-linux-gnu --host=x86_64-linux-gnu --target=x86_64-linux-gnu --with-build-config=bootstrap-lto-lean --enable-link-mutex
Thread model: posix
Supported LTO compression algorithms: zlib zstd
gcc version 10.3.0 (Ubuntu 10.3.0-15ubuntu1) 
COLLECT_GCC_OPTIONS='-v' '-o' 'CMakeFiles/cmTC_a2a56.dir/CMakeCCompilerABI.c.o' '-c' '-mtune=generic' '-march=x86-64'
 /usr/lib/gcc/x86_64-linux-gnu/10/cc1 -quiet -v -imultiarch x86_64-linux-gnu /usr/share/cmake-3.22/Modules/CMakeCCompilerABI.c -quiet -dumpbase CMakeCCompilerABI.c -mtune=generic -march=x86-64 -auxbase-strip CMakeFiles/cmTC_a2a56.dir/CMakeCCompilerABI.c.o -version -fasynchronous-unwind-tables -fstack-protector-strong -Wformat -Wformat-security -fstack-clash-protection -fcf-protection -o /tmp/ccounKlc.s
GNU C17 (Ubuntu 10.3.0-15ubuntu1) version 10.3.0 (x86_64-linux-gnu)
	compiled by GNU C version 10.3.0, GMP version 6.2.1, MPFR version 4.1.0, MPC version 1.2.1, isl version isl-0.24-GMP

GGC heuristics: --param ggc-min-expand=100 --param ggc-min-heapsize=131072
ignoring nonexistent directory "/usr/local/include/x86_64-linux-gnu"
ignoring nonexistent directory "/usr/lib/gcc/x86_64-linux-gnu/10/include-fixed"
ignoring nonexistent directory "/usr/lib/gcc/x86_64-linux-gnu/10/../../../../x86_64-linux-gnu/include"
#include "..." search starts here:
#include <...> search starts here:
 /usr/lib/gcc/x86_64-linux-gnu/10/include
 /usr/local/include
 /usr/include/x86_64-linux-gnu
 /usr/include
End of search list.
GNU C17 (Ubuntu 10.3.0-15ubuntu1) version 10.3.0 (x86_64-linux-gnu)
	compiled by GNU C version 10.3.0, GMP version 6.2.1, MPFR version 4.1.0, MPC version 1.2.1, isl version isl-0.24-GMP

GGC heuristics: --param ggc-min-expand=100 --param ggc-min-heapsize=131072
Compiler executable checksum: 481a1ca307b68bd763bc333e400ed56f
COLLECT_GCC_OPTIONS='-v' '-o' 'CMakeFiles/cmTC_a2a56.dir/CMakeCCompilerABI.c.o' '-c' '-mtune=generic' '-march=x86-64'
 as -v --64 -o CMakeFiles/cmTC_a2a56.dir/CMakeCCompilerABI.c.o /tmp/ccounKlc.s
GNU assembler version 2.38 (x86_64-linux-gnu) using BFD version (GNU Binutils for Ubuntu) 2.38
COMPILER_PATH=/usr/lib/gcc/x86_64-linux-gnu/10/:/usr/lib/gcc/x86_64-linux-gnu/10/:/usr/lib/gcc/x86_64-linux-gnu/:/usr/lib/gcc/x86_64-linux-gnu/10/:/usr/lib/gcc/x86_64-linux-gnu/
LIBRARY_PATH=/usr/lib/gcc/x86_64-linux-gnu/10/:/usr/lib/gcc/x86_64-linux-gnu/10/../../../x86_64-linux-gnu/:/usr/lib/gcc/x86_64-linux-gnu/10/../../../../lib/:/lib/x86_64-linux-gnu/:/lib/../lib/:/usr/lib/x86_64-linux-gnu/:/usr/lib/../lib/:/usr/lib/gcc/x86_64-linux-gnu/10/../../../:/lib/:/usr/lib/
COLLECT_GCC_OPTIONS='-v' '-o' 'CMakeFiles/cmTC_a2a56.dir/CMakeCCompilerABI.c.o' '-c' '-mtune=generic' '-march=x86-64'
Linking C executable cmTC_a2a56
/usr/bin/cmake -E cmake_link_script CMakeFiles/cmTC_a2a56.dir/link.txt --verbose=1
/usr/bin/cc  -v CMakeFiles/cmTC_a2a56.dir/CMakeCCompilerABI.c.o -o cmTC_a2a56 
Using built-in specs.
COLLECT_GCC=/usr/bin/cc
COLLECT_LTO_WRAPPER=/usr/lib/gcc/x86_64-linux-gnu/10/lto-wrapper
Target: x86_64-linux-gnu
Configured with: ../src/configure -v --with-pkgversion='Ubuntu 10.3.0-15ubuntu1' --with-bugurl=file:///usr/share/doc/gcc-10/README.Bugs --enable-languages=c,ada,c++,go,brig,d,fortran,objc,obj-c++,m2 --prefix=/usr --with-gcc-major-version-only --program-suffix=-10 --program-prefix=x86_64-linux-gnu- --enable-shared --enable-linker-build-id --libexecdir=/usr/lib --without-included-gettext --enable-threads=posix --libdir=/usr/lib --enable-nls --enable-bootstrap --enable-clocale=gnu --enable-libstdcxx-debug --enable-libstdcxx-time=yes --with-default-libstdcxx-abi=new --enable-gnu-unique-object --disable-vtable-verify --enable-plugin --enable-default-pie --with-system-zlib --enable-libphobos-checking=release --with-target-system-zlib=auto --enable-objc-gc=auto --enable-multiarch --disable-werror --with-arch-32=i686 --with-abi=m64 --with-multilib-list=m32,m64,mx32 --enable-multilib --with-tune=generic --enable-offload-targets=hsa --without-cuda-driver --enable-checking=release --build=x86_64-linux-gnu --host=x86_64-linux-gnu --target=x86_64-linux-gnu --with-build-config=bootstrap-lto-lean --enable-link-mutex
Thread model: posix
Supported LTO compression algorithms: zlib zstd
gcc version 10.3.0 (Ubuntu 10.3.0-15ubuntu1) 
COMPILER_PATH=/usr/lib/gcc/x86_64-linux-gnu/10/:/usr/lib/gcc/x86_64-linux-gnu/10/:/usr/lib/gcc/x86_64-linux-gnu/:/usr/lib/gcc/x86_64-linux-gnu/10/:/usr/lib/gcc/x86_64-linux-gnu/
LIBRARY_PATH=/usr/lib/gcc/x86_64-linux-gnu/10/:/usr/lib/gcc/x86_64-linux-gnu/10/../../../x86_64-linux-gnu/:/usr/lib/gcc/x86_64-linux-gnu/10/../../../../lib/:/lib/x86_64-linux-gnu/:/lib/../lib/:/usr/lib/x86_64-linux-gnu/:/usr/lib/../lib/:/usr/lib/gcc/x86_64-linux-gnu/10/../../../:/lib/:/usr/lib/
COLLECT_GCC_OPTIONS='-v' '-o' 'cmTC_a2a56' '-mtune=generic' '-march=x86-64'
 /usr/lib/gcc/x86_64-linux-gnu/10/collect2 -plugin /usr/lib/gcc/x86_64-linux-gnu/10/liblto_plugin.so -plugin-opt=/usr/lib/gcc/x86_64-linux-gnu/10/lto-wrapper -plugin-opt=-fresolution=/tmp/ccFLlWxX.res -plugin-opt=-pass-through=-lgcc -plugin-opt=-pass-through=-lgcc_s -plugin-opt=-pass-through=-lc -plugin-opt=-pass-through=-lgcc -plugin-opt=-pass-through=-lgcc_s --build-id --eh-frame-hdr -m elf_x86_64 --hash-style=gnu --as-needed -dynamic-linker /lib64/ld-linux-x86-64.so.2 -pie -z now -z relro -o cmTC_a2a56 /usr/lib/gcc/x86_64-linux-gnu/10/../../../x86_64-linux-gnu/Scrt1.o /usr/lib/gcc/x86_64-linux-gnu/10/../../../x86_64-linux-gnu/crti.o /usr/lib/gcc/x86_64-linux-gnu/10/crtbeginS.o -L/usr/lib/gcc/x86_64-linux-gnu/10 -L/usr/lib/gcc/x86_64-linux-gnu/10/../../../x86_64-linux-gnu -L/usr/lib/gcc/x86_64-linux-gnu/10/../../../../lib -L/lib/x86_64-linux-gnu -L/lib/../lib -L/usr/lib/x86_64-linux-gnu -L/usr/lib/../lib -L/usr/lib/gcc/x86_64-linux-gnu/10/../../.. CMakeFiles/cmTC_a2a56.dir/CMakeCCompilerABI.c.o -lgcc --push-state --as-needed -lgcc_s --pop-state -lc -lgcc --push-state --as-needed -lgcc_s --pop-state /usr/lib/gcc/x86_64-linux-gnu/10/crtendS.o /usr/lib/gcc/x86_64-linux-gnu/10/../../../x86_64-linux-gnu/crtn.o
COLLECT_GCC_OPTIONS='-v' '-o' 'cmTC_a2a56' '-mtune=generic' '-march=x86-64'
gmake[1]: Leaving directory '/store/MDA_project/distopia2/build/CMakeFiles/CMakeTmp'



Parsed C implicit include dir info from above output: rv=done
  found start of include info
  found start of implicit include info
    add: [/usr/lib/gcc/x86_64-linux-gnu/10/include]
    add: [/usr/local/include]
    add: [/usr/include/x86_64-linux-gnu]
    add: [/usr/include]
  end of search list found
  collapse include dir [/usr/lib/gcc/x86_64-linux-gnu/10/include] ==> [/usr/lib/gcc/x86_64-linux-gnu/10/include]
  collapse include dir [/usr/local/include] ==> [/usr/local/include]
  collapse include dir [/usr/include/x86_64-linux-gnu] ==> [/usr/include/x86_64-linux-gnu]
  collapse include dir [/usr/include] ==> [/usr/include]
  implicit include dirs: [/usr/lib/gcc/x86_64-linux-gnu/10/include;/usr/local/include;/usr/include/x86_64-linux-gnu;/usr/include]


Parsed C implicit link information from above output:
  link line regex: [^( *|.*[/\])(ld|CMAKE_LINK_STARTFILE-NOTFOUND|([^/\]+-)?ld|collect2)[^/\]*( |$)]
  ignore line: [Change Dir: /store/MDA_project/distopia2/build/CMakeFiles/CMakeTmp]
  ignore line: []
  ignore line: [Run Build Command(s):/usr/bin/gmake -f Makefile cmTC_a2a56/fast && /usr/bin/gmake  -f CMakeFiles/cmTC_a2a56.dir/build.make CMakeFiles/cmTC_a2a56.dir/build]
  ignore line: [gmake[1]: Entering directory '/store/MDA_project/distopia2/build/CMakeFiles/CMakeTmp']
  ignore line: [Building C object CMakeFiles/cmTC_a2a56.dir/CMakeCCompilerABI.c.o]
  ignore line: [/usr/bin/cc   -v -o CMakeFiles/cmTC_a2a56.dir/CMakeCCompilerABI.c.o -c /usr/share/cmake-3.22/Modules/CMakeCCompilerABI.c]
  ignore line: [Using built-in specs.]
  ignore line: [COLLECT_GCC=/usr/bin/cc]
  ignore line: [Target: x86_64-linux-gnu]
  ignore line: [Configured with: ../src/configure -v --with-pkgversion='Ubuntu 10.3.0-15ubuntu1' --with-bugurl=file:///usr/share/doc/gcc-10/README.Bugs --enable-languages=c ada c++ go brig d fortran objc obj-c++ m2 --prefix=/usr --with-gcc-major-version-only --program-suffix=-10 --program-prefix=x86_64-linux-gnu- --enable-shared --enable-linker-build-id --libexecdir=/usr/lib --without-included-gettext --enable-threads=posix --libdir=/usr/lib --enable-nls --enable-bootstrap --enable-clocale=gnu --enable-libstdcxx-debug --enable-libstdcxx-time=yes --with-default-libstdcxx-abi=new --enable-gnu-unique-object --disable-vtable-verify --enable-plugin --enable-default-pie --with-system-zlib --enable-libphobos-checking=release --with-target-system-zlib=auto --enable-objc-gc=auto --enable-multiarch --disable-werror --with-arch-32=i686 --with-abi=m64 --with-multilib-list=m32 m64 mx32 --enable-multilib --with-tune=generic --enable-offload-targets=hsa --without-cuda-driver --enable-checking=release --build=x86_64-linux-gnu --host=x86_64-linux-gnu --target=x86_64-linux-gnu --with-build-config=bootstrap-lto-lean --enable-link-mutex]
  ignore line: [Thread model: posix]
  ignore line: [Supported LTO compression algorithms: zlib zstd]
  ignore line: [gcc version 10.3.0 (Ubuntu 10.3.0-15ubuntu1) ]
  ignore line: [COLLECT_GCC_OPTIONS='-v' '-o' 'CMakeFiles/cmTC_a2a56.dir/CMakeCCompilerABI.c.o' '-c' '-mtune=generic' '-march=x86-64']
  ignore line: [ /usr/lib/gcc/x86_64-linux-gnu/10/cc1 -quiet -v -imultiarch x86_64-linux-gnu /usr/share/cmake-3.22/Modules/CMakeCCompilerABI.c -quiet -dumpbase CMakeCCompilerABI.c -mtune=generic -march=x86-64 -auxbase-strip CMakeFiles/cmTC_a2a56.dir/CMakeCCompilerABI.c.o -version -fasynchronous-unwind-tables -fstack-protector-strong -Wformat -Wformat-security -fstack-clash-protection -fcf-protection -o /tmp/ccounKlc.s]
  ignore line: [GNU C17 (Ubuntu 10.3.0-15ubuntu1) version 10.3.0 (x86_64-linux-gnu)]
  ignore line: [	compiled by GNU C version 10.3.0  GMP version 6.2.1  MPFR version 4.1.0  MPC version 1.2.1  isl version isl-0.24-GMP]
  ignore line: []
  ignore line: [GGC heuristics: --param ggc-min-expand=100 --param ggc-min-heapsize=131072]
  ignore line: [ignoring nonexistent directory "/usr/local/include/x86_64-linux-gnu"]
  ignore line: [ignoring nonexistent directory "/usr/lib/gcc/x86_64-linux-gnu/10/include-fixed"]
  ignore line: [ignoring nonexistent directory "/usr/lib/gcc/x86_64-linux-gnu/10/../../../../x86_64-linux-gnu/include"]
  ignore line: [#include "..." search starts here:]
  ignore line: [#include <...> search starts here:]
  ignore line: [ /usr/lib/gcc/x86_64-linux-gnu/10/include]
  ignore line: [ /usr/local/include]
  ignore line: [ /usr/include/x86_64-linux-gnu]
  ignore line: [ /usr/include]
  ignore line: [End of search list.]
  ignore line: [GNU C17 (Ubuntu 10.3.0-15ubuntu1) version 10.3.0 (x86_64-linux-gnu)]
  ignore line: [	compiled by GNU C version 10.3.0  GMP version 6.2.1  MPFR version 4.1.0  MPC version 1.2.1  isl version isl-0.24-GMP]
  ignore line: []
  ignore line: [GGC heuristics: --param ggc-min-expand=100 --param ggc-min-heapsize=131072]
  ignore line: [Compiler executable checksum: 481a1ca307b68bd763bc333e400ed56f]
  ignore line: [COLLECT_GCC_OPTIONS='-v' '-o' 'CMakeFiles/cmTC_a2a56.dir/CMakeCCompilerABI.c.o' '-c' '-mtune=generic' '-march=x86-64']
  ignore line: [ as -v --64 -o CMakeFiles/cmTC_a2a56.dir/CMakeCCompilerABI.c.o /tmp/ccounKlc.s]
  ignore line: [GNU assembler version 2.38 (x86_64-linux-gnu) using BFD version (GNU Binutils for Ubuntu) 2.38]
  ignore line: [COMPILER_PATH=/usr/lib/gcc/x86_64-linux-gnu/10/:/usr/lib/gcc/x86_64-linux-gnu/10/:/usr/lib/gcc/x86_64-linux-gnu/:/usr/lib/gcc/x86_64-linux-gnu/10/:/usr/lib/gcc/x86_64-linux-gnu/]
  ignore line: [LIBRARY_PATH=/usr/lib/gcc/x86_64-linux-gnu/10/:/usr/lib/gcc/x86_64-linux-gnu/10/../../../x86_64-linux-gnu/:/usr/lib/gcc/x86_64-linux-gnu/10/../../../../lib/:/lib/x86_64-linux-gnu/:/lib/../lib/:/usr/lib/x86_64-linux-gnu/:/usr/lib/../lib/:/usr/lib/gcc/x86_64-linux-gnu/10/../../../:/lib/:/usr/lib/]
  ignore line: [COLLECT_GCC_OPTIONS='-v' '-o' 'CMakeFiles/cmTC_a2a56.dir/CMakeCCompilerABI.c.o' '-c' '-mtune=generic' '-march=x86-64']
  ignore line: [Linking C executable cmTC_a2a56]
  ignore line: [/usr/bin/cmake -E cmake_link_script CMakeFiles/cmTC_a2a56.dir/link.txt --verbose=1]
  ignore line: [/usr/bin/cc  -v CMakeFiles/cmTC_a2a56.dir/CMakeCCompilerABI.c.o -o cmTC_a2a56 ]
  ignore line: [Using built-in specs.]
  ignore line: [COLLECT_GCC=/usr/bin/cc]
  ignore line: [COLLECT_LTO_WRAPPER=/usr/lib/gcc/x86_64-linux-gnu/10/lto-wrapper]
  ignore line: [Target: x86_64-linux-gnu]
  ignore line: [Configured with: ../src/configure -v --with-pkgversion='Ubuntu 10.3.0-15ubuntu1' --with-bugurl=file:///usr/share/doc/gcc-10/README.Bugs --enable-languages=c ada c++ go brig d fortran objc obj-c++ m2 --prefix=/usr --with-gcc-major-version-only --program-suffix=-10 --program-prefix=x86_64-linux-gnu- --enable-shared --enable-linker-build-id --libexecdir=/usr/lib --without-included-gettext --enable-threads=posix --libdir=/usr/lib --enable-nls --enable-bootstrap --enable-clocale=gnu --enable-libstdcxx-debug --enable-libstdcxx-time=yes --with-default-libstdcxx-abi=new --enable-gnu-unique-object --disable-vtable-verify --enable-plugin --enable-default-pie --with-system-zlib --enable-libphobos-checking=release --with-target-system-zlib=auto --enable-objc-gc=auto --enable-multiarch --disable-werror --with-arch-32=i686 --with-abi=m64 --with-multilib-list=m32 m64 mx32 --enable-multilib --with-tune=generic --enable-offload-targets=hsa --without-cuda-driver --enable-checking=release --build=x86_64-linux-gnu --host=x86_64-linux-gnu --target=x86_64-linux-gnu --with-build-config=bootstrap-lto-lean --enable-link-mutex]
  ignore line: [Thread model: posix]
  ignore line: [Supported LTO compression algorithms: zlib zstd]
  ignore line: [gcc version 10.3.0 (Ubuntu 10.3.0-15ubuntu1) ]
  ignore line: [COMPILER_PATH=/usr/lib/gcc/x86_64-linux-gnu/10/:/usr/lib/gcc/x86_64-linux-gnu/10/:/usr/lib/gcc/x86_64-linux-gnu/:/usr/lib/gcc/x86_64-linux-gnu/10/:/usr/lib/gcc/x86_64-linux-gnu/]
  ignore line: [LIBRARY_PATH=/usr/lib/gcc/x86_64-linux-gnu/10/:/usr/lib/gcc/x86_64-linux-gnu/10/../../../x86_64-linux-gnu/:/usr/lib/gcc/x86_64-linux-gnu/10/../../../../lib/:/lib/x86_64-linux-gnu/:/lib/../lib/:/usr/lib/x86_64-linux-gnu/:/usr/lib/../lib/:/usr/lib/gcc/x86_64-linux-gnu/10/../../../:/lib/:/usr/lib/]
  ignore line: [COLLECT_GCC_OPTIONS='-v' '-o' 'cmTC_a2a56' '-mtune=generic' '-march=x86-64']
  link line: [ /usr/lib/gcc/x86_64-linux-gnu/10/collect2 -plugin /usr/lib/gcc/x86_64-linux-gnu/10/liblto_plugin.so -plugin-opt=/usr/lib/gcc/x86_64-linux-gnu/10/lto-wrapper -plugin-opt=-fresolution=/tmp/ccFLlWxX.res -plugin-opt=-pass-through=-lgcc -plugin-opt=-pass-through=-lgcc_s -plugin-opt=-pass-through=-lc -plugin-opt=-pass-through=-lgcc -plugin-opt=-pass-through=-lgcc_s --build-id --eh-frame-hdr -m elf_x86_64 --hash-style=gnu --as-needed -dynamic-linker /lib64/ld-linux-x86-64.so.2 -pie -z now -z relro -o cmTC_a2a56 /usr/lib/gcc/x86_64-linux-gnu/10/../../../x86_64-linux-gnu/Scrt1.o /usr/lib/gcc/x86_64-linux-gnu/10/../../../x86_64-linux-gnu/crti.o /usr/lib/gcc/x86_64-linux-gnu/10/crtbeginS.o -L/usr/lib/gcc/x86_64-linux-gnu/10 -L/usr/lib/gcc/x86_64-linux-gnu/10/../../../x86_64-linux-gnu -L/usr/lib/gcc/x86_64-linux-gnu/10/../../../../lib -L/lib/x86_64-linux-gnu -L/lib/../lib -L/usr/lib/x86_64-linux-gnu -L/usr/lib/../lib -L/usr/lib/gcc/x86_64-linux-gnu/10/../../.. CMakeFiles/cmTC_a2a56.dir/CMakeCCompilerABI.c.o -lgcc --push-state --as-needed -lgcc_s --pop-state -lc -lgcc --push-state --as-needed -lgcc_s --pop-state /usr/lib/gcc/x86_64-linux-gnu/10/crtendS.o /usr/lib/gcc/x86_64-linux-gnu/10/../../../x86_64-linux-gnu/crtn.o]
    arg [/usr/lib/gcc/x86_64-linux-gnu/10/collect2] ==> ignore
    arg [-plugin] ==> ignore
    arg [/usr/lib/gcc/x86_64-linux-gnu/10/liblto_plugin.so] ==> ignore
    arg [-plugin-opt=/usr/lib/gcc/x86_64-linux-gnu/10/lto-wrapper] ==> ignore
    arg [-plugin-opt=-fresolution=/tmp/ccFLlWxX.res] ==> ignore
    arg [-plugin-opt=-pass-through=-lgcc] ==> ignore
    arg [-plugin-opt=-pass-through=-lgcc_s] ==> ignore
    arg [-plugin-opt=-pass-through=-lc] ==> ignore
    arg [-plugin-opt=-pass-through=-lgcc] ==> ignore
    arg [-plugin-opt=-pass-through=-lgcc_s] ==> ignore
    arg [--build-id] ==> ignore
    arg [--eh-frame-hdr] ==> ignore
    arg [-m] ==> ignore
    arg [elf_x86_64] ==> ignore
    arg [--hash-style=gnu] ==> ignore
    arg [--as-needed] ==> ignore
    arg [-dynamic-linker] ==> ignore
    arg [/lib64/ld-linux-x86-64.so.2] ==> ignore
    arg [-pie] ==> ignore
    arg [-znow] ==> ignore
    arg [-zrelro] ==> ignore
    arg [-o] ==> ignore
    arg [cmTC_a2a56] ==> ignore
    arg [/usr/lib/gcc/x86_64-linux-gnu/10/../../../x86_64-linux-gnu/Scrt1.o] ==> obj [/usr/lib/gcc/x86_64-linux-gnu/10/../../../x86_64-linux-gnu/Scrt1.o]
    arg [/usr/lib/gcc/x86_64-linux-gnu/10/../../../x86_64-linux-gnu/crti.o] ==> obj [/usr/lib/gcc/x86_64-linux-gnu/10/../../../x86_64-linux-gnu/crti.o]
    arg [/usr/lib/gcc/x86_64-linux-gnu/10/crtbeginS.o] ==> obj [/usr/lib/gcc/x86_64-linux-gnu/10/crtbeginS.o]
    arg [-L/usr/lib/gcc/x86_64-linux-gnu/10] ==> dir [/usr/lib/gcc/x86_64-linux-gnu/10]
    arg [-L/usr/lib/gcc/x86_64-linux-gnu/10/../../../x86_64-linux-gnu] ==> dir [/usr/lib/gcc/x86_64-linux-gnu/10/../../../x86_64-linux-gnu]
    arg [-L/usr/lib/gcc/x86_64-linux-gnu/10/../../../../lib] ==> dir [/usr/lib/gcc/x86_64-linux-gnu/10/../../../../lib]
    arg [-L/lib/x86_64-linux-gnu] ==> dir [/lib/x86_64-linux-gnu]
    arg [-L/lib/../lib] ==> dir [/lib/../lib]
    arg [-L/usr/lib/x86_64-linux-gnu] ==> dir [/usr/lib/x86_64-linux-gnu]
    arg [-L/usr/lib/../lib] ==> dir [/usr/lib/../lib]
    arg [-L/usr/lib/gcc/x86_64-linux-gnu/10/../../..] ==> dir [/usr/lib/gcc/x86_64-linux-gnu/10/../../..]
    arg [CMakeFiles/cmTC_a2a56.dir/CMakeCCompilerABI.c.o] ==> ignore
    arg [-lgcc] ==> lib [gcc]
    arg [--push-state] ==> ignore
    arg [--as-needed] ==> ignore
    arg [-lgcc_s] ==> lib [gcc_s]
    arg [--pop-state] ==> ignore
    arg [-lc] ==> lib [c]
    arg [-lgcc] ==> lib [gcc]
    arg [--push-state] ==> ignore
    arg [--as-needed] ==> ignore
    arg [-lgcc_s] ==> lib [gcc_s]
    arg [--pop-state] ==> ignore
    arg [/usr/lib/gcc/x86_64-linux-gnu/10/crtendS.o] ==> obj [/usr/lib/gcc/x86_64-linux-gnu/10/crtendS.o]
    arg [/usr/lib/gcc/x86_64-linux-gnu/10/../../../x86_64-linux-gnu/crtn.o] ==> obj [/usr/lib/gcc/x86_64-linux-gnu/10/../../../x86_64-linux-gnu/crtn.o]
  collapse obj [/usr/lib/gcc/x86_64-linux-gnu/10/../../../x86_64-linux-gnu/Scrt1.o] ==> [/usr/lib/x86_64-linux-gnu/Scrt1.o]
  collapse obj [/usr/lib/gcc/x86_64-linux-gnu/10/../../../x86_64-linux-gnu/crti.o] ==> [/usr/lib/x86_64-linux-gnu/crti.o]
  collapse obj [/usr/lib/gcc/x86_64-linux-gnu/10/../../../x86_64-linux-gnu/crtn.o] ==> [/usr/lib/x86_64-linux-gnu/crtn.o]
  collapse library dir [/usr/lib/gcc/x86_64-linux-gnu/10] ==> [/usr/lib/gcc/x86_64-linux-gnu/10]
  collapse library dir [/usr/lib/gcc/x86_64-linux-gnu/10/../../../x86_64-linux-gnu] ==> [/usr/lib/x86_64-linux-gnu]
  collapse library dir [/usr/lib/gcc/x86_64-linux-gnu/10/../../../../lib] ==> [/usr/lib]
  collapse library dir [/lib/x86_64-linux-gnu] ==> [/lib/x86_64-linux-gnu]
  collapse library dir [/lib/../lib] ==> [/lib]
  collapse library dir [/usr/lib/x86_64-linux-gnu] ==> [/usr/lib/x86_64-linux-gnu]
  collapse library dir [/usr/lib/../lib] ==> [/usr/lib]
  collapse library dir [/usr/lib/gcc/x86_64-linux-gnu/10/../../..] ==> [/usr/lib]
  implicit libs: [gcc;gcc_s;c;gcc;gcc_s]
  implicit objs: [/usr/lib/x86_64-linux-gnu/Scrt1.o;/usr/lib/x86_64-linux-gnu/crti.o;/usr/lib/gcc/x86_64-linux-gnu/10/crtbeginS.o;/usr/lib/gcc/x86_64-linux-gnu/10/crtendS.o;/usr/lib/x86_64-linux-gnu/crtn.o]
  implicit dirs: [/usr/lib/gcc/x86_64-linux-gnu/10;/usr/lib/x86_64-linux-gnu;/usr/lib;/lib/x86_64-linux-gnu;/lib]
  implicit fwks: []


Detecting CXX compiler ABI info compiled with the following output:
Change Dir: /store/MDA_project/distopia2/build/CMakeFiles/CMakeTmp

Run Build Command(s):/usr/bin/gmake -f Makefile cmTC_f5b52/fast && /usr/bin/gmake  -f CMakeFiles/cmTC_f5b52.dir/build.make CMakeFiles/cmTC_f5b52.dir/build
gmake[1]: Entering directory '/store/MDA_project/distopia2/build/CMakeFiles/CMakeTmp'
Building CXX object CMakeFiles/cmTC_f5b52.dir/CMakeCXXCompilerABI.cpp.o
/usr/bin/c++   -v -o CMakeFiles/cmTC_f5b52.dir/CMakeCXXCompilerABI.cpp.o -c /usr/share/cmake-3.22/Modules/CMakeCXXCompilerABI.cpp
Using built-in specs.
COLLECT_GCC=/usr/bin/c++
Target: x86_64-linux-gnu
Configured with: ../src/configure -v --with-pkgversion='Ubuntu 10.3.0-15ubuntu1' --with-bugurl=file:///usr/share/doc/gcc-10/README.Bugs --enable-languages=c,ada,c++,go,brig,d,fortran,objc,obj-c++,m2 --prefix=/usr --with-gcc-major-version-only --program-suffix=-10 --program-prefix=x86_64-linux-gnu- --enable-shared --enable-linker-build-id --libexecdir=/usr/lib --without-included-gettext --enable-threads=posix --libdir=/usr/lib --enable-nls --enable-bootstrap --enable-clocale=gnu --enable-libstdcxx-debug --enable-libstdcxx-time=yes --with-default-libstdcxx-abi=new --enable-gnu-unique-object --disable-vtable-verify --enable-plugin --enable-default-pie --with-system-zlib --enable-libphobos-checking=release --with-target-system-zlib=auto --enable-objc-gc=auto --enable-multiarch --disable-werror --with-arch-32=i686 --with-abi=m64 --with-multilib-list=m32,m64,mx32 --enable-multilib --with-tune=generic --enable-offload-targets=hsa --without-cuda-driver --enable-checking=release --build=x86_64-linux-gnu --host=x86_64-linux-gnu --target=x86_64-linux-gnu --with-build-config=bootstrap-lto-lean --enable-link-mutex
Thread model: posix
Supported LTO compression algorithms: zlib zstd
gcc version 10.3.0 (Ubuntu 10.3.0-15ubuntu1) 
COLLECT_GCC_OPTIONS='-v' '-o' 'CMakeFiles/cmTC_f5b52.dir/CMakeCXXCompilerABI.cpp.o' '-c' '-shared-libgcc' '-mtune=generic' '-march=x86-64'
 /usr/lib/gcc/x86_64-linux-gnu/10/cc1plus -quiet -v -imultiarch x86_64-linux-gnu -D_GNU_SOURCE /usr/share/cmake-3.22/Modules/CMakeCXXCompilerABI.cpp -quiet -dumpbase CMakeCXXCompilerABI.cpp -mtune=generic -march=x86-64 -auxbase-strip CMakeFiles/cmTC_f5b52.dir/CMakeCXXCompilerABI.cpp.o -version -fasynchronous-unwind-tables -fstack-protector-strong -Wformat -Wformat-security -fstack-clash-protection -fcf-protection -o /tmp/ccamnRPD.s
GNU C++14 (Ubuntu 10.3.0-15ubuntu1) version 10.3.0 (x86_64-linux-gnu)
	compiled by GNU C version 10.3.0, GMP version 6.2.1, MPFR version 4.1.0, MPC version 1.2.1, isl version isl-0.24-GMP

GGC heuristics: --param ggc-min-expand=100 --param ggc-min-heapsize=131072
ignoring duplicate directory "/usr/include/x86_64-linux-gnu/c++/10"
ignoring nonexistent directory "/usr/local/include/x86_64-linux-gnu"
ignoring nonexistent directory "/usr/lib/gcc/x86_64-linux-gnu/10/include-fixed"
ignoring nonexistent directory "/usr/lib/gcc/x86_64-linux-gnu/10/../../../../x86_64-linux-gnu/include"
#include "..." search starts here:
#include <...> search starts here:
 /usr/include/c++/10
 /usr/include/x86_64-linux-gnu/c++/10
 /usr/include/c++/10/backward
 /usr/lib/gcc/x86_64-linux-gnu/10/include
 /usr/local/include
 /usr/include/x86_64-linux-gnu
 /usr/include
End of search list.
GNU C++14 (Ubuntu 10.3.0-15ubuntu1) version 10.3.0 (x86_64-linux-gnu)
	compiled by GNU C version 10.3.0, GMP version 6.2.1, MPFR version 4.1.0, MPC version 1.2.1, isl version isl-0.24-GMP

GGC heuristics: --param ggc-min-expand=100 --param ggc-min-heapsize=131072
Compiler executable checksum: 9627ef49564b08759e4f804d9cfd721b
COLLECT_GCC_OPTIONS='-v' '-o' 'CMakeFiles/cmTC_f5b52.dir/CMakeCXXCompilerABI.cpp.o' '-c' '-shared-libgcc' '-mtune=generic' '-march=x86-64'
 as -v --64 -o CMakeFiles/cmTC_f5b52.dir/CMakeCXXCompilerABI.cpp.o /tmp/ccamnRPD.s
GNU assembler version 2.38 (x86_64-linux-gnu) using BFD version (GNU Binutils for Ubuntu) 2.38
COMPILER_PATH=/usr/lib/gcc/x86_64-linux-gnu/10/:/usr/lib/gcc/x86_64-linux-gnu/10/:/usr/lib/gcc/x86_64-linux-gnu/:/usr/lib/gcc/x86_64-linux-gnu/10/:/usr/lib/gcc/x86_64-linux-gnu/
LIBRARY_PATH=/usr/lib/gcc/x86_64-linux-gnu/10/:/usr/lib/gcc/x86_64-linux-gnu/10/../../../x86_64-linux-gnu/:/usr/lib/gcc/x86_64-linux-gnu/10/../../../../lib/:/lib/x86_64-linux-gnu/:/lib/../lib/:/usr/lib/x86_64-linux-gnu/:/usr/lib/../lib/:/usr/lib/gcc/x86_64-linux-gnu/10/../../../:/lib/:/usr/lib/
COLLECT_GCC_OPTIONS='-v' '-o' 'CMakeFiles/cmTC_f5b52.dir/CMakeCXXCompilerABI.cpp.o' '-c' '-shared-libgcc' '-mtune=generic' '-march=x86-64'
Linking CXX executable cmTC_f5b52
/usr/bin/cmake -E cmake_link_script CMakeFiles/cmTC_f5b52.dir/link.txt --verbose=1
/usr/bin/c++  -v CMakeFiles/cmTC_f5b52.dir/CMakeCXXCompilerABI.cpp.o -o cmTC_f5b52 
Using built-in specs.
COLLECT_GCC=/usr/bin/c++
COLLECT_LTO_WRAPPER=/usr/lib/gcc/x86_64-linux-gnu/10/lto-wrapper
Target: x86_64-linux-gnu
Configured with: ../src/configure -v --with-pkgversion='Ubuntu 10.3.0-15ubuntu1' --with-bugurl=file:///usr/share/doc/gcc-10/README.Bugs --enable-languages=c,ada,c++,go,brig,d,fortran,objc,obj-c++,m2 --prefix=/usr --with-gcc-major-version-only --program-suffix=-10 --program-prefix=x86_64-linux-gnu- --enable-shared --enable-linker-build-id --libexecdir=/usr/lib --without-included-gettext --enable-threads=posix --libdir=/usr/lib --enable-nls --enable-bootstrap --enable-clocale=gnu --enable-libstdcxx-debug --enable-libstdcxx-time=yes --with-default-libstdcxx-abi=new --enable-gnu-unique-object --disable-vtable-verify --enable-plugin --enable-default-pie --with-system-zlib --enable-libphobos-checking=release --with-target-system-zlib=auto --enable-objc-gc=auto --enable-multiarch --disable-werror --with-arch-32=i686 --with-abi=m64 --with-multilib-list=m32,m64,mx32 --enable-multilib --with-tune=generic --enable-offload-targets=hsa --without-cuda-driver --enable-checking=release --build=x86_64-linux-gnu --host=x86_64-linux-gnu --target=x86_64-linux-gnu --with-build-config=bootstrap-lto-lean --enable-link-mutex
Thread model: posix
Supported LTO compression algorithms: zlib zstd
gcc version 10.3.0 (Ubuntu 10.3.0-15ubuntu1) 
COMPILER_PATH=/usr/lib/gcc/x86_64-linux-gnu/10/:/usr/lib/gcc/x86_64-linux-gnu/10/:/usr/lib/gcc/x86_64-linux-gnu/:/usr/lib/gcc/x86_64-linux-gnu/10/:/usr/lib/gcc/x86_64-linux-gnu/
LIBRARY_PATH=/usr/lib/gcc/x86_64-linux-gnu/10/:/usr/lib/gcc/x86_64-linux-gnu/10/../../../x86_64-linux-gnu/:/usr/lib/gcc/x86_64-linux-gnu/10/../../../../lib/:/lib/x86_64-linux-gnu/:/lib/../lib/:/usr/lib/x86_64-linux-gnu/:/usr/lib/../lib/:/usr/lib/gcc/x86_64-linux-gnu/10/../../../:/lib/:/usr/lib/
COLLECT_GCC_OPTIONS='-v' '-o' 'cmTC_f5b52' '-shared-libgcc' '-mtune=generic' '-march=x86-64'
 /usr/lib/gcc/x86_64-linux-gnu/10/collect2 -plugin /usr/lib/gcc/x86_64-linux-gnu/10/liblto_plugin.so -plugin-opt=/usr/lib/gcc/x86_64-linux-gnu/10/lto-wrapper -plugin-opt=-fresolution=/tmp/ccCkBS64.res -plugin-opt=-pass-through=-lgcc_s -plugin-opt=-pass-through=-lgcc -plugin-opt=-pass-through=-lc -plugin-opt=-pass-through=-lgcc_s -plugin-opt=-pass-through=-lgcc --build-id --eh-frame-hdr -m elf_x86_64 --hash-style=gnu --as-needed -dynamic-linker /lib64/ld-linux-x86-64.so.2 -pie -z now -z relro -o cmTC_f5b52 /usr/lib/gcc/x86_64-linux-gnu/10/../../../x86_64-linux-gnu/Scrt1.o /usr/lib/gcc/x86_64-linux-gnu/10/../../../x86_64-linux-gnu/crti.o /usr/lib/gcc/x86_64-linux-gnu/10/crtbeginS.o -L/usr/lib/gcc/x86_64-linux-gnu/10 -L/usr/lib/gcc/x86_64-linux-gnu/10/../../../x86_64-linux-gnu -L/usr/lib/gcc/x86_64-linux-gnu/10/../../../../lib -L/lib/x86_64-linux-gnu -L/lib/../lib -L/usr/lib/x86_64-linux-gnu -L/usr/lib/../lib -L/usr/lib/gcc/x86_64-linux-gnu/10/../../.. CMakeFiles/cmTC_f5b52.dir/CMakeCXXCompilerABI.cpp.o -lstdc++ -lm -lgcc_s -lgcc -lc -lgcc_s -lgcc /usr/lib/gcc/x86_64-linux-gnu/10/crtendS.o /usr/lib/gcc/x86_64-linux-gnu/10/../../../x86_64-linux-gnu/crtn.o
COLLECT_GCC_OPTIONS='-v' '-o' 'cmTC_f5b52' '-shared-libgcc' '-mtune=generic' '-march=x86-64'
gmake[1]: Leaving directory '/store/MDA_project/distopia2/build/CMakeFiles/CMakeTmp'



Parsed CXX implicit include dir info from above output: rv=done
  found start of include info
  found start of implicit include info
    add: [/usr/include/c++/10]
    add: [/usr/include/x86_64-linux-gnu/c++/10]
    add: [/usr/include/c++/10/backward]
    add: [/usr/lib/gcc/x86_64-linux-gnu/10/include]
    add: [/usr/local/include]
    add: [/usr/include/x86_64-linux-gnu]
    add: [/usr/include]
  end of search list found
  collapse include dir [/usr/include/c++/10] ==> [/usr/include/c++/10]
  collapse include dir [/usr/include/x86_64-linux-gnu/c++/10] ==> [/usr/include/x86_64-linux-gnu/c++/10]
  collapse include dir [/usr/include/c++/10/backward] ==> [/usr/include/c++/10/backward]
  collapse include dir [/usr/lib/gcc/x86_64-linux-gnu/10/include] ==> [/usr/lib/gcc/x86_64-linux-gnu/10/include]
  collapse include dir [/usr/local/include] ==> [/usr/local/include]
  collapse include dir [/usr/include/x86_64-linux-gnu] ==> [/usr/include/x86_64-linux-gnu]
  collapse include dir [/usr/include] ==> [/usr/include]
  implicit include dirs: [/usr/include/c++/10;/usr/include/x86_64-linux-gnu/c++/10;/usr/include/c++/10/backward;/usr/lib/gcc/x86_64-linux-gnu/10/include;/usr/local/include;/usr/include/x86_64-linux-gnu;/usr/include]


Parsed CXX implicit link information from above output:
  link line regex: [^( *|.*[/\])(ld|CMAKE_LINK_STARTFILE-NOTFOUND|([^/\]+-)?ld|collect2)[^/\]*( |$)]
  ignore line: [Change Dir: /store/MDA_project/distopia2/build/CMakeFiles/CMakeTmp]
  ignore line: []
  ignore line: [Run Build Command(s):/usr/bin/gmake -f Makefile cmTC_f5b52/fast && /usr/bin/gmake  -f CMakeFiles/cmTC_f5b52.dir/build.make CMakeFiles/cmTC_f5b52.dir/build]
  ignore line: [gmake[1]: Entering directory '/store/MDA_project/distopia2/build/CMakeFiles/CMakeTmp']
  ignore line: [Building CXX object CMakeFiles/cmTC_f5b52.dir/CMakeCXXCompilerABI.cpp.o]
  ignore line: [/usr/bin/c++   -v -o CMakeFiles/cmTC_f5b52.dir/CMakeCXXCompilerABI.cpp.o -c /usr/share/cmake-3.22/Modules/CMakeCXXCompilerABI.cpp]
  ignore line: [Using built-in specs.]
  ignore line: [COLLECT_GCC=/usr/bin/c++]
  ignore line: [Target: x86_64-linux-gnu]
  ignore line: [Configured with: ../src/configure -v --with-pkgversion='Ubuntu 10.3.0-15ubuntu1' --with-bugurl=file:///usr/share/doc/gcc-10/README.Bugs --enable-languages=c ada c++ go brig d fortran objc obj-c++ m2 --prefix=/usr --with-gcc-major-version-only --program-suffix=-10 --program-prefix=x86_64-linux-gnu- --enable-shared --enable-linker-build-id --libexecdir=/usr/lib --without-included-gettext --enable-threads=posix --libdir=/usr/lib --enable-nls --enable-bootstrap --enable-clocale=gnu --enable-libstdcxx-debug --enable-libstdcxx-time=yes --with-default-libstdcxx-abi=new --enable-gnu-unique-object --disable-vtable-verify --enable-plugin --enable-default-pie --with-system-zlib --enable-libphobos-checking=release --with-target-system-zlib=auto --enable-objc-gc=auto --enable-multiarch --disable-werror --with-arch-32=i686 --with-abi=m64 --with-multilib-list=m32 m64 mx32 --enable-multilib --with-tune=generic --enable-offload-targets=hsa --without-cuda-driver --enable-checking=release --build=x86_64-linux-gnu --host=x86_64-linux-gnu --target=x86_64-linux-gnu --with-build-config=bootstrap-lto-lean --enable-link-mutex]
  ignore line: [Thread model: posix]
  ignore line: [Supported LTO compression algorithms: zlib zstd]
  ignore line: [gcc version 10.3.0 (Ubuntu 10.3.0-15ubuntu1) ]
  ignore line: [COLLECT_GCC_OPTIONS='-v' '-o' 'CMakeFiles/cmTC_f5b52.dir/CMakeCXXCompilerABI.cpp.o' '-c' '-shared-libgcc' '-mtune=generic' '-march=x86-64']
  ignore line: [ /usr/lib/gcc/x86_64-linux-gnu/10/cc1plus -quiet -v -imultiarch x86_64-linux-gnu -D_GNU_SOURCE /usr/share/cmake-3.22/Modules/CMakeCXXCompilerABI.cpp -quiet -dumpbase CMakeCXXCompilerABI.cpp -mtune=generic -march=x86-64 -auxbase-strip CMakeFiles/cmTC_f5b52.dir/CMakeCXXCompilerABI.cpp.o -version -fasynchronous-unwind-tables -fstack-protector-strong -Wformat -Wformat-security -fstack-clash-protection -fcf-protection -o /tmp/ccamnRPD.s]
  ignore line: [GNU C++14 (Ubuntu 10.3.0-15ubuntu1) version 10.3.0 (x86_64-linux-gnu)]
  ignore line: [	compiled by GNU C version 10.3.0  GMP version 6.2.1  MPFR version 4.1.0  MPC version 1.2.1  isl version isl-0.24-GMP]
  ignore line: []
  ignore line: [GGC heuristics: --param ggc-min-expand=100 --param ggc-min-heapsize=131072]
  ignore line: [ignoring duplicate directory "/usr/include/x86_64-linux-gnu/c++/10"]
  ignore line: [ignoring nonexistent directory "/usr/local/include/x86_64-linux-gnu"]
  ignore line: [ignoring nonexistent directory "/usr/lib/gcc/x86_64-linux-gnu/10/include-fixed"]
  ignore line: [ignoring nonexistent directory "/usr/lib/gcc/x86_64-linux-gnu/10/../../../../x86_64-linux-gnu/include"]
  ignore line: [#include "..." search starts here:]
  ignore line: [#include <...> search starts here:]
  ignore line: [ /usr/include/c++/10]
  ignore line: [ /usr/include/x86_64-linux-gnu/c++/10]
  ignore line: [ /usr/include/c++/10/backward]
  ignore line: [ /usr/lib/gcc/x86_64-linux-gnu/10/include]
  ignore line: [ /usr/local/include]
  ignore line: [ /usr/include/x86_64-linux-gnu]
  ignore line: [ /usr/include]
  ignore line: [End of search list.]
  ignore line: [GNU C++14 (Ubuntu 10.3.0-15ubuntu1) version 10.3.0 (x86_64-linux-gnu)]
  ignore line: [	compiled by GNU C version 10.3.0  GMP version 6.2.1  MPFR version 4.1.0  MPC version 1.2.1  isl version isl-0.24-GMP]
  ignore line: []
  ignore line: [GGC heuristics: --param ggc-min-expand=100 --param ggc-min-heapsize=131072]
  ignore line: [Compiler executable checksum: 9627ef49564b08759e4f804d9cfd721b]
  ignore line: [COLLECT_GCC_OPTIONS='-v' '-o' 'CMakeFiles/cmTC_f5b52.dir/CMakeCXXCompilerABI.cpp.o' '-c' '-shared-libgcc' '-mtune=generic' '-march=x86-64']
  ignore line: [ as -v --64 -o CMakeFiles/cmTC_f5b52.dir/CMakeCXXCompilerABI.cpp.o /tmp/ccamnRPD.s]
  ignore line: [GNU assembler version 2.38 (x86_64-linux-gnu) using BFD version (GNU Binutils for Ubuntu) 2.38]
  ignore line: [COMPILER_PATH=/usr/lib/gcc/x86_64-linux-gnu/10/:/usr/lib/gcc/x86_64-linux-gnu/10/:/usr/lib/gcc/x86_64-linux-gnu/:/usr/lib/gcc/x86_64-linux-gnu/10/:/usr/lib/gcc/x86_64-linux-gnu/]
  ignore line: [LIBRARY_PATH=/usr/lib/gcc/x86_64-linux-gnu/10/:/usr/lib/gcc/x86_64-linux-gnu/10/../../../x86_64-linux-gnu/:/usr/lib/gcc/x86_64-linux-gnu/10/../../../../lib/:/lib/x86_64-linux-gnu/:/lib/../lib/:/usr/lib/x86_64-linux-gnu/:/usr/lib/../lib/:/usr/lib/gcc/x86_64-linux-gnu/10/../../../:/lib/:/usr/lib/]
  ignore line: [COLLECT_GCC_OPTIONS='-v' '-o' 'CMakeFiles/cmTC_f5b52.dir/CMakeCXXCompilerABI.cpp.o' '-c' '-shared-libgcc' '-mtune=generic' '-march=x86-64']
  ignore line: [Linking CXX executable cmTC_f5b52]
  ignore line: [/usr/bin/cmake -E cmake_link_script CMakeFiles/cmTC_f5b52.dir/link.txt --verbose=1]
  ignore line: [/usr/bin/c++  -v CMakeFiles/cmTC_f5b52.dir/CMakeCXXCompilerABI.cpp.o -o cmTC_f5b52 ]
  ignore line: [Using built-in specs.]
  ignore line: [COLLECT_GCC=/usr/bin/c++]
  ignore line: [COLLECT_LTO_WRAPPER=/usr/lib/gcc/x86_64-linux-gnu/10/lto-wrapper]
  ignore line: [Target: x86_64-linux-gnu]
  ignore line: [Configured with: ../src/configure -v --with-pkgversion='Ubuntu 10.3.0-15ubuntu1' --with-bugurl=file:///usr/share/doc/gcc-10/README.Bugs --enable-languages=c ada c++ go brig d fortran objc obj-c++ m2 --prefix=/usr --with-gcc-major-version-only --program-suffix=-10 --program-prefix=x86_64-linux-gnu- --enable-shared --enable-linker-build-id --libexecdir=/usr/lib --without-included-gettext --enable-threads=posix --libdir=/usr/lib --enable-nls --enable-bootstrap --enable-clocale=gnu --enable-libstdcxx-debug --enable-libstdcxx-time=yes --with-default-libstdcxx-abi=new --enable-gnu-unique-object --disable-vtable-verify --enable-plugin --enable-default-pie --with-system-zlib --enable-libphobos-checking=release --with-target-system-zlib=auto --enable-objc-gc=auto --enable-multiarch --disable-werror --with-arch-32=i686 --with-abi=m64 --with-multilib-list=m32 m64 mx32 --enable-multilib --with-tune=generic --enable-offload-targets=hsa --without-cuda-driver --enable-checking=release --build=x86_64-linux-gnu --host=x86_64-linux-gnu --target=x86_64-linux-gnu --with-build-config=bootstrap-lto-lean --enable-link-mutex]
  ignore line: [Thread model: posix]
  ignore line: [Supported LTO compression algorithms: zlib zstd]
  ignore line: [gcc version 10.3.0 (Ubuntu 10.3.0-15ubuntu1) ]
  ignore line: [COMPILER_PATH=/usr/lib/gcc/x86_64-linux-gnu/10/:/usr/lib/gcc/x86_64-linux-gnu/10/:/usr/lib/gcc/x86_64-linux-gnu/:/usr/lib/gcc/x86_64-linux-gnu/10/:/usr/lib/gcc/x86_64-linux-gnu/]
  ignore line: [LIBRARY_PATH=/usr/lib/gcc/x86_64-linux-gnu/10/:/usr/lib/gcc/x86_64-linux-gnu/10/../../../x86_64-linux-gnu/:/usr/lib/gcc/x86_64-linux-gnu/10/../../../../lib/:/lib/x86_64-linux-gnu/:/lib/../lib/:/usr/lib/x86_64-linux-gnu/:/usr/lib/../lib/:/usr/lib/gcc/x86_64-linux-gnu/10/../../../:/lib/:/usr/lib/]
  ignore line: [COLLECT_GCC_OPTIONS='-v' '-o' 'cmTC_f5b52' '-shared-libgcc' '-mtune=generic' '-march=x86-64']
  link line: [ /usr/lib/gcc/x86_64-linux-gnu/10/collect2 -plugin /usr/lib/gcc/x86_64-linux-gnu/10/liblto_plugin.so -plugin-opt=/usr/lib/gcc/x86_64-linux-gnu/10/lto-wrapper -plugin-opt=-fresolution=/tmp/ccCkBS64.res -plugin-opt=-pass-through=-lgcc_s -plugin-opt=-pass-through=-lgcc -plugin-opt=-pass-through=-lc -plugin-opt=-pass-through=-lgcc_s -plugin-opt=-pass-through=-lgcc --build-id --eh-frame-hdr -m elf_x86_64 --hash-style=gnu --as-needed -dynamic-linker /lib64/ld-linux-x86-64.so.2 -pie -z now -z relro -o cmTC_f5b52 /usr/lib/gcc/x86_64-linux-gnu/10/../../../x86_64-linux-gnu/Scrt1.o /usr/lib/gcc/x86_64-linux-gnu/10/../../../x86_64-linux-gnu/crti.o /usr/lib/gcc/x86_64-linux-gnu/10/crtbeginS.o -L/usr/lib/gcc/x86_64-linux-gnu/10 -L/usr/lib/gcc/x86_64-linux-gnu/10/../../../x86_64-linux-gnu -L/usr/lib/gcc/x86_64-linux-gnu/10/../../../../lib -L/lib/x86_64-linux-gnu -L/lib/../lib -L/usr/lib/x86_64-linux-gnu -L/usr/lib/../lib -L/usr/lib/gcc/x86_64-linux-gnu/10/../../.. CMakeFiles/cmTC_f5b52.dir/CMakeCXXCompilerABI.cpp.o -lstdc++ -lm -lgcc_s -lgcc -lc -lgcc_s -lgcc /usr/lib/gcc/x86_64-linux-gnu/10/crtendS.o /usr/lib/gcc/x86_64-linux-gnu/10/../../../x86_64-linux-gnu/crtn.o]
    arg [/usr/lib/gcc/x86_64-linux-gnu/10/collect2] ==> ignore
    arg [-plugin] ==> ignore
    arg [/usr/lib/gcc/x86_64-linux-gnu/10/liblto_plugin.so] ==> ignore
    arg [-plugin-opt=/usr/lib/gcc/x86_64-linux-gnu/10/lto-wrapper] ==> ignore
    arg [-plugin-opt=-fresolution=/tmp/ccCkBS64.res] ==> ignore
    arg [-plugin-opt=-pass-through=-lgcc_s] ==> ignore
    arg [-plugin-opt=-pass-through=-lgcc] ==> ignore
    arg [-plugin-opt=-pass-through=-lc] ==> ignore
    arg [-plugin-opt=-pass-through=-lgcc_s] ==> ignore
    arg [-plugin-opt=-pass-through=-lgcc] ==> ignore
    arg [--build-id] ==> ignore
    arg [--eh-frame-hdr] ==> ignore
    arg [-m] ==> ignore
    arg [elf_x86_64] ==> ignore
    arg [--hash-style=gnu] ==> ignore
    arg [--as-needed] ==> ignore
    arg [-dynamic-linker] ==> ignore
    arg [/lib64/ld-linux-x86-64.so.2] ==> ignore
    arg [-pie] ==> ignore
    arg [-znow] ==> ignore
    arg [-zrelro] ==> ignore
    arg [-o] ==> ignore
    arg [cmTC_f5b52] ==> ignore
    arg [/usr/lib/gcc/x86_64-linux-gnu/10/../../../x86_64-linux-gnu/Scrt1.o] ==> obj [/usr/lib/gcc/x86_64-linux-gnu/10/../../../x86_64-linux-gnu/Scrt1.o]
    arg [/usr/lib/gcc/x86_64-linux-gnu/10/../../../x86_64-linux-gnu/crti.o] ==> obj [/usr/lib/gcc/x86_64-linux-gnu/10/../../../x86_64-linux-gnu/crti.o]
    arg [/usr/lib/gcc/x86_64-linux-gnu/10/crtbeginS.o] ==> obj [/usr/lib/gcc/x86_64-linux-gnu/10/crtbeginS.o]
    arg [-L/usr/lib/gcc/x86_64-linux-gnu/10] ==> dir [/usr/lib/gcc/x86_64-linux-gnu/10]
    arg [-L/usr/lib/gcc/x86_64-linux-gnu/10/../../../x86_64-linux-gnu] ==> dir [/usr/lib/gcc/x86_64-linux-gnu/10/../../../x86_64-linux-gnu]
    arg [-L/usr/lib/gcc/x86_64-linux-gnu/10/../../../../lib] ==> dir [/usr/lib/gcc/x86_64-linux-gnu/10/../../../../lib]
    arg [-L/lib/x86_64-linux-gnu] ==> dir [/lib/x86_64-linux-gnu]
    arg [-L/lib/../lib] ==> dir [/lib/../lib]
    arg [-L/usr/lib/x86_64-linux-gnu] ==> dir [/usr/lib/x86_64-linux-gnu]
    arg [-L/usr/lib/../lib] ==> dir [/usr/lib/../lib]
    arg [-L/usr/lib/gcc/x86_64-linux-gnu/10/../../..] ==> dir [/usr/lib/gcc/x86_64-linux-gnu/10/../../..]
    arg [CMakeFiles/cmTC_f5b52.dir/CMakeCXXCompilerABI.cpp.o] ==> ignore
    arg [-lstdc++] ==> lib [stdc++]
    arg [-lm] ==> lib [m]
    arg [-lgcc_s] ==> lib [gcc_s]
    arg [-lgcc] ==> lib [gcc]
    arg [-lc] ==> lib [c]
    arg [-lgcc_s] ==> lib [gcc_s]
    arg [-lgcc] ==> lib [gcc]
    arg [/usr/lib/gcc/x86_64-linux-gnu/10/crtendS.o] ==> obj [/usr/lib/gcc/x86_64-linux-gnu/10/crtendS.o]
    arg [/usr/lib/gcc/x86_64-linux-gnu/10/../../../x86_64-linux-gnu/crtn.o] ==> obj [/usr/lib/gcc/x86_64-linux-gnu/10/../../../x86_64-linux-gnu/crtn.o]
  collapse obj [/usr/lib/gcc/x86_64-linux-gnu/10/../../../x86_64-linux-gnu/Scrt1.o] ==> [/usr/lib/x86_64-linux-gnu/Scrt1.o]
  collapse obj [/usr/lib/gcc/x86_64-linux-gnu/10/../../../x86_64-linux-gnu/crti.o] ==> [/usr/lib/x86_64-linux-gnu/crti.o]
  collapse obj [/usr/lib/gcc/x86_64-linux-gnu/10/../../../x86_64-linux-gnu/crtn.o] ==> [/usr/lib/x86_64-linux-gnu/crtn.o]
  collapse library dir [/usr/lib/gcc/x86_64-linux-gnu/10] ==> [/usr/lib/gcc/x86_64-linux-gnu/10]
  collapse library dir [/usr/lib/gcc/x86_64-linux-gnu/10/../../../x86_64-linux-gnu] ==> [/usr/lib/x86_64-linux-gnu]
  collapse library dir [/usr/lib/gcc/x86_64-linux-gnu/10/../../../../lib] ==> [/usr/lib]
  collapse library dir [/lib/x86_64-linux-gnu] ==> [/lib/x86_64-linux-gnu]
  collapse library dir [/lib/../lib] ==> [/lib]
  collapse library dir [/usr/lib/x86_64-linux-gnu] ==> [/usr/lib/x86_64-linux-gnu]
  collapse library dir [/usr/lib/../lib] ==> [/usr/lib]
  collapse library dir [/usr/lib/gcc/x86_64-linux-gnu/10/../../..] ==> [/usr/lib]
  implicit libs: [stdc++;m;gcc_s;gcc;c;gcc_s;gcc]
  implicit objs: [/usr/lib/x86_64-linux-gnu/Scrt1.o;/usr/lib/x86_64-linux-gnu/crti.o;/usr/lib/gcc/x86_64-linux-gnu/10/crtbeginS.o;/usr/lib/gcc/x86_64-linux-gnu/10/crtendS.o;/usr/lib/x86_64-linux-gnu/crtn.o]
  implicit dirs: [/usr/lib/gcc/x86_64-linux-gnu/10;/usr/lib/x86_64-linux-gnu;/usr/lib;/lib/x86_64-linux-gnu;/lib]
  implicit fwks: []


Performing C++ SOURCE FILE Test HAVE_fprofile_abs_path succeeded with the following output:
Change Dir: /store/MDA_project/distopia2/build/CMakeFiles/CMakeTmp

Run Build Command(s):/usr/bin/gmake -f Makefile cmTC_37744/fast && /usr/bin/gmake  -f CMakeFiles/cmTC_37744.dir/build.make CMakeFiles/cmTC_37744.dir/build
gmake[1]: Entering directory '/store/MDA_project/distopia2/build/CMakeFiles/CMakeTmp'
Building CXX object CMakeFiles/cmTC_37744.dir/src.cxx.o
/usr/bin/c++ -DHAVE_fprofile_abs_path  -fprofile-abs-path -std=c++11 -o CMakeFiles/cmTC_37744.dir/src.cxx.o -c /store/MDA_project/distopia2/build/CMakeFiles/CMakeTmp/src.cxx
Linking CXX executable cmTC_37744
/usr/bin/cmake -E cmake_link_script CMakeFiles/cmTC_37744.dir/link.txt --verbose=1
/usr/bin/c++ CMakeFiles/cmTC_37744.dir/src.cxx.o -o cmTC_37744 
gmake[1]: Leaving directory '/store/MDA_project/distopia2/build/CMakeFiles/CMakeTmp'


Source file was:
int main() { return 0; }
Performing C SOURCE FILE Test C_HAS_SSE1_1 succeeded with the following compile output:
Change Dir: /store/MDA_project/distopia2/build/CMakeFiles/CMakeTmp

Run Build Command(s):/usr/bin/gmake -f Makefile cmTC_cc5a4/fast && /usr/bin/gmake  -f CMakeFiles/cmTC_cc5a4.dir/build.make CMakeFiles/cmTC_cc5a4.dir/build
gmake[1]: Entering directory '/store/MDA_project/distopia2/build/CMakeFiles/CMakeTmp'
Building C object CMakeFiles/cmTC_cc5a4.dir/src.c.o
/usr/bin/cc -DC_HAS_SSE1_1  -msse -o CMakeFiles/cmTC_cc5a4.dir/src.c.o -c /store/MDA_project/distopia2/build/CMakeFiles/CMakeTmp/src.c
Linking C executable cmTC_cc5a4
/usr/bin/cmake -E cmake_link_script CMakeFiles/cmTC_cc5a4.dir/link.txt --verbose=1
/usr/bin/cc  -msse CMakeFiles/cmTC_cc5a4.dir/src.c.o -o cmTC_cc5a4 
gmake[1]: Leaving directory '/store/MDA_project/distopia2/build/CMakeFiles/CMakeTmp'


...and run output:

Return value: 1
Source file was:

  #include <xmmintrin.h>

  int main()
  {
    __m128 a;
    float vals[4] = {0,0,0,0};
    a = _mm_loadu_ps(vals);  // SSE1
    return 0;
  }
Performing C SOURCE FILE Test C_HAS_SSE2_1 succeeded with the following compile output:
Change Dir: /store/MDA_project/distopia2/build/CMakeFiles/CMakeTmp

Run Build Command(s):/usr/bin/gmake -f Makefile cmTC_6c633/fast && /usr/bin/gmake  -f CMakeFiles/cmTC_6c633.dir/build.make CMakeFiles/cmTC_6c633.dir/build
gmake[1]: Entering directory '/store/MDA_project/distopia2/build/CMakeFiles/CMakeTmp'
Building C object CMakeFiles/cmTC_6c633.dir/src.c.o
/usr/bin/cc -DC_HAS_SSE2_1  -msse2 -o CMakeFiles/cmTC_6c633.dir/src.c.o -c /store/MDA_project/distopia2/build/CMakeFiles/CMakeTmp/src.c
Linking C executable cmTC_6c633
/usr/bin/cmake -E cmake_link_script CMakeFiles/cmTC_6c633.dir/link.txt --verbose=1
/usr/bin/cc  -msse2 CMakeFiles/cmTC_6c633.dir/src.c.o -o cmTC_6c633 
gmake[1]: Leaving directory '/store/MDA_project/distopia2/build/CMakeFiles/CMakeTmp'


...and run output:

Return value: 1
Source file was:

  #include <emmintrin.h>

  int main()
  {
    __m128d a;
    double vals[2] = {0,0};
    a = _mm_loadu_pd(vals);  // SSE2
    return 0;
  }
Performing C SOURCE FILE Test C_HAS_SSE3_1 succeeded with the following compile output:
Change Dir: /store/MDA_project/distopia2/build/CMakeFiles/CMakeTmp

Run Build Command(s):/usr/bin/gmake -f Makefile cmTC_ba18c/fast && /usr/bin/gmake  -f CMakeFiles/cmTC_ba18c.dir/build.make CMakeFiles/cmTC_ba18c.dir/build
gmake[1]: Entering directory '/store/MDA_project/distopia2/build/CMakeFiles/CMakeTmp'
Building C object CMakeFiles/cmTC_ba18c.dir/src.c.o
/usr/bin/cc -DC_HAS_SSE3_1  -msse3 -o CMakeFiles/cmTC_ba18c.dir/src.c.o -c /store/MDA_project/distopia2/build/CMakeFiles/CMakeTmp/src.c
Linking C executable cmTC_ba18c
/usr/bin/cmake -E cmake_link_script CMakeFiles/cmTC_ba18c.dir/link.txt --verbose=1
/usr/bin/cc  -msse3 CMakeFiles/cmTC_ba18c.dir/src.c.o -o cmTC_ba18c 
gmake[1]: Leaving directory '/store/MDA_project/distopia2/build/CMakeFiles/CMakeTmp'


...and run output:

Return value: 1
Source file was:

#include <pmmintrin.h>
int main() {
    __m128 u, v;
    u = _mm_set1_ps(0.0f);
    v = _mm_moveldup_ps(u); // SSE3
    return 0;
}
Performing C SOURCE FILE Test C_HAS_SSSE3_1 succeeded with the following compile output:
Change Dir: /store/MDA_project/distopia2/build/CMakeFiles/CMakeTmp

Run Build Command(s):/usr/bin/gmake -f Makefile cmTC_b4723/fast && /usr/bin/gmake  -f CMakeFiles/cmTC_b4723.dir/build.make CMakeFiles/cmTC_b4723.dir/build
gmake[1]: Entering directory '/store/MDA_project/distopia2/build/CMakeFiles/CMakeTmp'
Building C object CMakeFiles/cmTC_b4723.dir/src.c.o
/usr/bin/cc -DC_HAS_SSSE3_1  -mssse3 -o CMakeFiles/cmTC_b4723.dir/src.c.o -c /store/MDA_project/distopia2/build/CMakeFiles/CMakeTmp/src.c
Linking C executable cmTC_b4723
/usr/bin/cmake -E cmake_link_script CMakeFiles/cmTC_b4723.dir/link.txt --verbose=1
/usr/bin/cc  -mssse3 CMakeFiles/cmTC_b4723.dir/src.c.o -o cmTC_b4723 
gmake[1]: Leaving directory '/store/MDA_project/distopia2/build/CMakeFiles/CMakeTmp'


...and run output:

Return value: 1
Source file was:

  #include <tmmintrin.h>
  const double v = 0;
  int main() {
    __m128i a = _mm_setzero_si128(); 
    __m128i b = _mm_abs_epi32(a); // SSSE3
    return 0;
  }
Performing C SOURCE FILE Test C_HAS_SSE4_1_1 succeeded with the following compile output:
Change Dir: /store/MDA_project/distopia2/build/CMakeFiles/CMakeTmp

Run Build Command(s):/usr/bin/gmake -f Makefile cmTC_00886/fast && /usr/bin/gmake  -f CMakeFiles/cmTC_00886.dir/build.make CMakeFiles/cmTC_00886.dir/build
gmake[1]: Entering directory '/store/MDA_project/distopia2/build/CMakeFiles/CMakeTmp'
Building C object CMakeFiles/cmTC_00886.dir/src.c.o
/usr/bin/cc -DC_HAS_SSE4_1_1  -msse4.1 -o CMakeFiles/cmTC_00886.dir/src.c.o -c /store/MDA_project/distopia2/build/CMakeFiles/CMakeTmp/src.c
/store/MDA_project/distopia2/build/CMakeFiles/CMakeTmp/src.c: In function main:
/store/MDA_project/distopia2/build/CMakeFiles/CMakeTmp/src.c:6:22: warning: excess elements in vector initializer
    6 |     __m128i a = {0,0,0,0}, b = {0,0,0,0};
      |                      ^
/store/MDA_project/distopia2/build/CMakeFiles/CMakeTmp/src.c:6:22: note: (near initialization for a)
/store/MDA_project/distopia2/build/CMakeFiles/CMakeTmp/src.c:6:24: warning: excess elements in vector initializer
    6 |     __m128i a = {0,0,0,0}, b = {0,0,0,0};
      |                        ^
/store/MDA_project/distopia2/build/CMakeFiles/CMakeTmp/src.c:6:24: note: (near initialization for a)
/store/MDA_project/distopia2/build/CMakeFiles/CMakeTmp/src.c:6:37: warning: excess elements in vector initializer
    6 |     __m128i a = {0,0,0,0}, b = {0,0,0,0};
      |                                     ^
/store/MDA_project/distopia2/build/CMakeFiles/CMakeTmp/src.c:6:37: note: (near initialization for b)
/store/MDA_project/distopia2/build/CMakeFiles/CMakeTmp/src.c:6:39: warning: excess elements in vector initializer
    6 |     __m128i a = {0,0,0,0}, b = {0,0,0,0};
      |                                       ^
/store/MDA_project/distopia2/build/CMakeFiles/CMakeTmp/src.c:6:39: note: (near initialization for b)
Linking C executable cmTC_00886
/usr/bin/cmake -E cmake_link_script CMakeFiles/cmTC_00886.dir/link.txt --verbose=1
/usr/bin/cc  -msse4.1 CMakeFiles/cmTC_00886.dir/src.c.o -o cmTC_00886 
gmake[1]: Leaving directory '/store/MDA_project/distopia2/build/CMakeFiles/CMakeTmp'


...and run output:

Return value: 1
Source file was:

  #include <smmintrin.h>

  int main ()
  {
    __m128i a = {0,0,0,0}, b = {0,0,0,0};
    __m128i res = _mm_max_epi8(a, b); // SSE4_1

    return 0;
  }

Performing C SOURCE FILE Test C_HAS_SSE4_2_1 succeeded with the following compile output:
Change Dir: /store/MDA_project/distopia2/build/CMakeFiles/CMakeTmp

Run Build Command(s):/usr/bin/gmake -f Makefile cmTC_f0432/fast && /usr/bin/gmake  -f CMakeFiles/cmTC_f0432.dir/build.make CMakeFiles/cmTC_f0432.dir/build
gmake[1]: Entering directory '/store/MDA_project/distopia2/build/CMakeFiles/CMakeTmp'
Building C object CMakeFiles/cmTC_f0432.dir/src.c.o
/usr/bin/cc -DC_HAS_SSE4_2_1  -msse4.2 -o CMakeFiles/cmTC_f0432.dir/src.c.o -c /store/MDA_project/distopia2/build/CMakeFiles/CMakeTmp/src.c
/store/MDA_project/distopia2/build/CMakeFiles/CMakeTmp/src.c: In function main:
/store/MDA_project/distopia2/build/CMakeFiles/CMakeTmp/src.c:6:22: warning: excess elements in vector initializer
    6 |     __m128i a = {0,0,0,0}, b = {0,0,0,0}, c = {0,0,0,0};
      |                      ^
/store/MDA_project/distopia2/build/CMakeFiles/CMakeTmp/src.c:6:22: note: (near initialization for a)
/store/MDA_project/distopia2/build/CMakeFiles/CMakeTmp/src.c:6:24: warning: excess elements in vector initializer
    6 |     __m128i a = {0,0,0,0}, b = {0,0,0,0}, c = {0,0,0,0};
      |                        ^
/store/MDA_project/distopia2/build/CMakeFiles/CMakeTmp/src.c:6:24: note: (near initialization for a)
/store/MDA_project/distopia2/build/CMakeFiles/CMakeTmp/src.c:6:37: warning: excess elements in vector initializer
    6 |     __m128i a = {0,0,0,0}, b = {0,0,0,0}, c = {0,0,0,0};
      |                                     ^
/store/MDA_project/distopia2/build/CMakeFiles/CMakeTmp/src.c:6:37: note: (near initialization for b)
/store/MDA_project/distopia2/build/CMakeFiles/CMakeTmp/src.c:6:39: warning: excess elements in vector initializer
    6 |     __m128i a = {0,0,0,0}, b = {0,0,0,0}, c = {0,0,0,0};
      |                                       ^
/store/MDA_project/distopia2/build/CMakeFiles/CMakeTmp/src.c:6:39: note: (near initialization for b)
/store/MDA_project/distopia2/build/CMakeFiles/CMakeTmp/src.c:6:52: warning: excess elements in vector initializer
    6 |     __m128i a = {0,0,0,0}, b = {0,0,0,0}, c = {0,0,0,0};
      |                                                    ^
/store/MDA_project/distopia2/build/CMakeFiles/CMakeTmp/src.c:6:52: note: (near initialization for c)
/store/MDA_project/distopia2/build/CMakeFiles/CMakeTmp/src.c:6:54: warning: excess elements in vector initializer
    6 |     __m128i a = {0,0,0,0}, b = {0,0,0,0}, c = {0,0,0,0};
      |                                                      ^
/store/MDA_project/distopia2/build/CMakeFiles/CMakeTmp/src.c:6:54: note: (near initialization for c)
Linking C executable cmTC_f0432
/usr/bin/cmake -E cmake_link_script CMakeFiles/cmTC_f0432.dir/link.txt --verbose=1
/usr/bin/cc  -msse4.2 CMakeFiles/cmTC_f0432.dir/src.c.o -o cmTC_f0432 
gmake[1]: Leaving directory '/store/MDA_project/distopia2/build/CMakeFiles/CMakeTmp'


...and run output:

Return value: 1
Source file was:

  #include <nmmintrin.h>

  int main()
  {
    __m128i a = {0,0,0,0}, b = {0,0,0,0}, c = {0,0,0,0};
    c = _mm_cmpgt_epi64(a, b);  // SSE4_2
    return 0;
  }

Performing C SOURCE FILE Test CXX_HAS_SSE1_1 succeeded with the following compile output:
Change Dir: /store/MDA_project/distopia2/build/CMakeFiles/CMakeTmp

Run Build Command(s):/usr/bin/gmake -f Makefile cmTC_8bdb4/fast && /usr/bin/gmake  -f CMakeFiles/cmTC_8bdb4.dir/build.make CMakeFiles/cmTC_8bdb4.dir/build
gmake[1]: Entering directory '/store/MDA_project/distopia2/build/CMakeFiles/CMakeTmp'
Building C object CMakeFiles/cmTC_8bdb4.dir/src.c.o
/usr/bin/cc -DCXX_HAS_SSE1_1  -msse -o CMakeFiles/cmTC_8bdb4.dir/src.c.o -c /store/MDA_project/distopia2/build/CMakeFiles/CMakeTmp/src.c
Linking C executable cmTC_8bdb4
/usr/bin/cmake -E cmake_link_script CMakeFiles/cmTC_8bdb4.dir/link.txt --verbose=1
/usr/bin/cc  -msse CMakeFiles/cmTC_8bdb4.dir/src.c.o -o cmTC_8bdb4 
gmake[1]: Leaving directory '/store/MDA_project/distopia2/build/CMakeFiles/CMakeTmp'


...and run output:

Return value: 1
Source file was:

  #include <xmmintrin.h>

  int main()
  {
    __m128 a;
    float vals[4] = {0,0,0,0};
    a = _mm_loadu_ps(vals);  // SSE1
    return 0;
  }
Performing C SOURCE FILE Test CXX_HAS_SSE2_1 succeeded with the following compile output:
Change Dir: /store/MDA_project/distopia2/build/CMakeFiles/CMakeTmp

Run Build Command(s):/usr/bin/gmake -f Makefile cmTC_19674/fast && /usr/bin/gmake  -f CMakeFiles/cmTC_19674.dir/build.make CMakeFiles/cmTC_19674.dir/build
gmake[1]: Entering directory '/store/MDA_project/distopia2/build/CMakeFiles/CMakeTmp'
Building C object CMakeFiles/cmTC_19674.dir/src.c.o
/usr/bin/cc -DCXX_HAS_SSE2_1  -msse2 -o CMakeFiles/cmTC_19674.dir/src.c.o -c /store/MDA_project/distopia2/build/CMakeFiles/CMakeTmp/src.c
Linking C executable cmTC_19674
/usr/bin/cmake -E cmake_link_script CMakeFiles/cmTC_19674.dir/link.txt --verbose=1
/usr/bin/cc  -msse2 CMakeFiles/cmTC_19674.dir/src.c.o -o cmTC_19674 
gmake[1]: Leaving directory '/store/MDA_project/distopia2/build/CMakeFiles/CMakeTmp'


...and run output:

Return value: 1
Source file was:

  #include <emmintrin.h>

  int main()
  {
    __m128d a;
    double vals[2] = {0,0};
    a = _mm_loadu_pd(vals);  // SSE2
    return 0;
  }
Performing C SOURCE FILE Test CXX_HAS_SSE3_1 succeeded with the following compile output:
Change Dir: /store/MDA_project/distopia2/build/CMakeFiles/CMakeTmp

Run Build Command(s):/usr/bin/gmake -f Makefile cmTC_68806/fast && /usr/bin/gmake  -f CMakeFiles/cmTC_68806.dir/build.make CMakeFiles/cmTC_68806.dir/build
gmake[1]: Entering directory '/store/MDA_project/distopia2/build/CMakeFiles/CMakeTmp'
Building C object CMakeFiles/cmTC_68806.dir/src.c.o
/usr/bin/cc -DCXX_HAS_SSE3_1  -msse3 -o CMakeFiles/cmTC_68806.dir/src.c.o -c /store/MDA_project/distopia2/build/CMakeFiles/CMakeTmp/src.c
Linking C executable cmTC_68806
/usr/bin/cmake -E cmake_link_script CMakeFiles/cmTC_68806.dir/link.txt --verbose=1
/usr/bin/cc  -msse3 CMakeFiles/cmTC_68806.dir/src.c.o -o cmTC_68806 
gmake[1]: Leaving directory '/store/MDA_project/distopia2/build/CMakeFiles/CMakeTmp'


...and run output:

Return value: 1
Source file was:

#include <pmmintrin.h>
int main() {
    __m128 u, v;
    u = _mm_set1_ps(0.0f);
    v = _mm_moveldup_ps(u); // SSE3
    return 0;
}
Performing C SOURCE FILE Test CXX_HAS_SSSE3_1 succeeded with the following compile output:
Change Dir: /store/MDA_project/distopia2/build/CMakeFiles/CMakeTmp

Run Build Command(s):/usr/bin/gmake -f Makefile cmTC_8dd98/fast && /usr/bin/gmake  -f CMakeFiles/cmTC_8dd98.dir/build.make CMakeFiles/cmTC_8dd98.dir/build
gmake[1]: Entering directory '/store/MDA_project/distopia2/build/CMakeFiles/CMakeTmp'
Building C object CMakeFiles/cmTC_8dd98.dir/src.c.o
/usr/bin/cc -DCXX_HAS_SSSE3_1  -mssse3 -o CMakeFiles/cmTC_8dd98.dir/src.c.o -c /store/MDA_project/distopia2/build/CMakeFiles/CMakeTmp/src.c
Linking C executable cmTC_8dd98
/usr/bin/cmake -E cmake_link_script CMakeFiles/cmTC_8dd98.dir/link.txt --verbose=1
/usr/bin/cc  -mssse3 CMakeFiles/cmTC_8dd98.dir/src.c.o -o cmTC_8dd98 
gmake[1]: Leaving directory '/store/MDA_project/distopia2/build/CMakeFiles/CMakeTmp'


...and run output:

Return value: 1
Source file was:

  #include <tmmintrin.h>
  const double v = 0;
  int main() {
    __m128i a = _mm_setzero_si128(); 
    __m128i b = _mm_abs_epi32(a); // SSSE3
    return 0;
  }
Performing C SOURCE FILE Test CXX_HAS_SSE4_1_1 succeeded with the following compile output:
Change Dir: /store/MDA_project/distopia2/build/CMakeFiles/CMakeTmp

Run Build Command(s):/usr/bin/gmake -f Makefile cmTC_52ebb/fast && /usr/bin/gmake  -f CMakeFiles/cmTC_52ebb.dir/build.make CMakeFiles/cmTC_52ebb.dir/build
gmake[1]: Entering directory '/store/MDA_project/distopia2/build/CMakeFiles/CMakeTmp'
Building C object CMakeFiles/cmTC_52ebb.dir/src.c.o
/usr/bin/cc -DCXX_HAS_SSE4_1_1  -msse4.1 -o CMakeFiles/cmTC_52ebb.dir/src.c.o -c /store/MDA_project/distopia2/build/CMakeFiles/CMakeTmp/src.c
/store/MDA_project/distopia2/build/CMakeFiles/CMakeTmp/src.c: In function main:
/store/MDA_project/distopia2/build/CMakeFiles/CMakeTmp/src.c:6:22: warning: excess elements in vector initializer
    6 |     __m128i a = {0,0,0,0}, b = {0,0,0,0};
      |                      ^
/store/MDA_project/distopia2/build/CMakeFiles/CMakeTmp/src.c:6:22: note: (near initialization for a)
/store/MDA_project/distopia2/build/CMakeFiles/CMakeTmp/src.c:6:24: warning: excess elements in vector initializer
    6 |     __m128i a = {0,0,0,0}, b = {0,0,0,0};
      |                        ^
/store/MDA_project/distopia2/build/CMakeFiles/CMakeTmp/src.c:6:24: note: (near initialization for a)
/store/MDA_project/distopia2/build/CMakeFiles/CMakeTmp/src.c:6:37: warning: excess elements in vector initializer
    6 |     __m128i a = {0,0,0,0}, b = {0,0,0,0};
      |                                     ^
/store/MDA_project/distopia2/build/CMakeFiles/CMakeTmp/src.c:6:37: note: (near initialization for b)
/store/MDA_project/distopia2/build/CMakeFiles/CMakeTmp/src.c:6:39: warning: excess elements in vector initializer
    6 |     __m128i a = {0,0,0,0}, b = {0,0,0,0};
      |                                       ^
/store/MDA_project/distopia2/build/CMakeFiles/CMakeTmp/src.c:6:39: note: (near initialization for b)
Linking C executable cmTC_52ebb
/usr/bin/cmake -E cmake_link_script CMakeFiles/cmTC_52ebb.dir/link.txt --verbose=1
/usr/bin/cc  -msse4.1 CMakeFiles/cmTC_52ebb.dir/src.c.o -o cmTC_52ebb 
gmake[1]: Leaving directory '/store/MDA_project/distopia2/build/CMakeFiles/CMakeTmp'


...and run output:

Return value: 1
Source file was:

  #include <smmintrin.h>

  int main ()
  {
    __m128i a = {0,0,0,0}, b = {0,0,0,0};
    __m128i res = _mm_max_epi8(a, b); // SSE4_1

    return 0;
  }

Performing C SOURCE FILE Test CXX_HAS_SSE4_2_1 succeeded with the following compile output:
Change Dir: /store/MDA_project/distopia2/build/CMakeFiles/CMakeTmp

Run Build Command(s):/usr/bin/gmake -f Makefile cmTC_d1f89/fast && /usr/bin/gmake  -f CMakeFiles/cmTC_d1f89.dir/build.make CMakeFiles/cmTC_d1f89.dir/build
gmake[1]: Entering directory '/store/MDA_project/distopia2/build/CMakeFiles/CMakeTmp'
Building C object CMakeFiles/cmTC_d1f89.dir/src.c.o
/usr/bin/cc -DCXX_HAS_SSE4_2_1  -msse4.2 -o CMakeFiles/cmTC_d1f89.dir/src.c.o -c /store/MDA_project/distopia2/build/CMakeFiles/CMakeTmp/src.c
/store/MDA_project/distopia2/build/CMakeFiles/CMakeTmp/src.c: In function main:
/store/MDA_project/distopia2/build/CMakeFiles/CMakeTmp/src.c:6:22: warning: excess elements in vector initializer
    6 |     __m128i a = {0,0,0,0}, b = {0,0,0,0}, c = {0,0,0,0};
      |                      ^
/store/MDA_project/distopia2/build/CMakeFiles/CMakeTmp/src.c:6:22: note: (near initialization for a)
/store/MDA_project/distopia2/build/CMakeFiles/CMakeTmp/src.c:6:24: warning: excess elements in vector initializer
    6 |     __m128i a = {0,0,0,0}, b = {0,0,0,0}, c = {0,0,0,0};
      |                        ^
/store/MDA_project/distopia2/build/CMakeFiles/CMakeTmp/src.c:6:24: note: (near initialization for a)
/store/MDA_project/distopia2/build/CMakeFiles/CMakeTmp/src.c:6:37: warning: excess elements in vector initializer
    6 |     __m128i a = {0,0,0,0}, b = {0,0,0,0}, c = {0,0,0,0};
      |                                     ^
/store/MDA_project/distopia2/build/CMakeFiles/CMakeTmp/src.c:6:37: note: (near initialization for b)
/store/MDA_project/distopia2/build/CMakeFiles/CMakeTmp/src.c:6:39: warning: excess elements in vector initializer
    6 |     __m128i a = {0,0,0,0}, b = {0,0,0,0}, c = {0,0,0,0};
      |                                       ^
/store/MDA_project/distopia2/build/CMakeFiles/CMakeTmp/src.c:6:39: note: (near initialization for b)
/store/MDA_project/distopia2/build/CMakeFiles/CMakeTmp/src.c:6:52: warning: excess elements in vector initializer
    6 |     __m128i a = {0,0,0,0}, b = {0,0,0,0}, c = {0,0,0,0};
      |                                                    ^
/store/MDA_project/distopia2/build/CMakeFiles/CMakeTmp/src.c:6:52: note: (near initialization for c)
/store/MDA_project/distopia2/build/CMakeFiles/CMakeTmp/src.c:6:54: warning: excess elements in vector initializer
    6 |     __m128i a = {0,0,0,0}, b = {0,0,0,0}, c = {0,0,0,0};
      |                                                      ^
/store/MDA_project/distopia2/build/CMakeFiles/CMakeTmp/src.c:6:54: note: (near initialization for c)
Linking C executable cmTC_d1f89
/usr/bin/cmake -E cmake_link_script CMakeFiles/cmTC_d1f89.dir/link.txt --verbose=1
/usr/bin/cc  -msse4.2 CMakeFiles/cmTC_d1f89.dir/src.c.o -o cmTC_d1f89 
gmake[1]: Leaving directory '/store/MDA_project/distopia2/build/CMakeFiles/CMakeTmp'


...and run output:

Return value: 1
Source file was:

  #include <nmmintrin.h>

  int main()
  {
    __m128i a = {0,0,0,0}, b = {0,0,0,0}, c = {0,0,0,0};
    c = _mm_cmpgt_epi64(a, b);  // SSE4_2
    return 0;
  }

Performing C SOURCE FILE Test C_HAS_AVX_1 succeeded with the following compile output:
Change Dir: /store/MDA_project/distopia2/build/CMakeFiles/CMakeTmp

Run Build Command(s):/usr/bin/gmake -f Makefile cmTC_d07d7/fast && /usr/bin/gmake  -f CMakeFiles/cmTC_d07d7.dir/build.make CMakeFiles/cmTC_d07d7.dir/build
gmake[1]: Entering directory '/store/MDA_project/distopia2/build/CMakeFiles/CMakeTmp'
Building C object CMakeFiles/cmTC_d07d7.dir/src.c.o
/usr/bin/cc -DC_HAS_AVX_1  -mavx -o CMakeFiles/cmTC_d07d7.dir/src.c.o -c /store/MDA_project/distopia2/build/CMakeFiles/CMakeTmp/src.c
Linking C executable cmTC_d07d7
/usr/bin/cmake -E cmake_link_script CMakeFiles/cmTC_d07d7.dir/link.txt --verbose=1
/usr/bin/cc  -mavx CMakeFiles/cmTC_d07d7.dir/src.c.o -o cmTC_d07d7 
gmake[1]: Leaving directory '/store/MDA_project/distopia2/build/CMakeFiles/CMakeTmp'


...and run output:

Return value: 1
Source file was:

#if !defined __AVX__ // MSVC supports this flag since MSVS 2013
#error "__AVX__ define is missing"
#endif
#include <immintrin.h>
void test()
{
    __m256 a = _mm256_set1_ps(0.0f);
}
int main() { return 0; }
Performing C SOURCE FILE Test C_HAS_AVX2_1 succeeded with the following compile output:
Change Dir: /store/MDA_project/distopia2/build/CMakeFiles/CMakeTmp

Run Build Command(s):/usr/bin/gmake -f Makefile cmTC_2b6d9/fast && /usr/bin/gmake  -f CMakeFiles/cmTC_2b6d9.dir/build.make CMakeFiles/cmTC_2b6d9.dir/build
gmake[1]: Entering directory '/store/MDA_project/distopia2/build/CMakeFiles/CMakeTmp'
Building C object CMakeFiles/cmTC_2b6d9.dir/src.c.o
/usr/bin/cc -DC_HAS_AVX2_1  -mavx2 -o CMakeFiles/cmTC_2b6d9.dir/src.c.o -c /store/MDA_project/distopia2/build/CMakeFiles/CMakeTmp/src.c
Linking C executable cmTC_2b6d9
/usr/bin/cmake -E cmake_link_script CMakeFiles/cmTC_2b6d9.dir/link.txt --verbose=1
/usr/bin/cc  -mavx2 CMakeFiles/cmTC_2b6d9.dir/src.c.o -o cmTC_2b6d9 
gmake[1]: Leaving directory '/store/MDA_project/distopia2/build/CMakeFiles/CMakeTmp'


...and run output:

Return value: 1
Source file was:

#if !defined __AVX2__ // MSVC supports this flag since MSVS 2013
#error "__AVX2__ define is missing"
#endif
#include <immintrin.h>
void test()
{
    int data[8] = {0,0,0,0, 0,0,0,0};
    __m256i a = _mm256_loadu_si256((const __m256i *)data);
    __m256i b = _mm256_bslli_epi128(a, 1);  // available in GCC 4.9.3+
}
int main() { return 0; }
Performing C SOURCE FILE Test CXX_HAS_AVX_1 succeeded with the following compile output:
Change Dir: /store/MDA_project/distopia2/build/CMakeFiles/CMakeTmp

Run Build Command(s):/usr/bin/gmake -f Makefile cmTC_d3d39/fast && /usr/bin/gmake  -f CMakeFiles/cmTC_d3d39.dir/build.make CMakeFiles/cmTC_d3d39.dir/build
gmake[1]: Entering directory '/store/MDA_project/distopia2/build/CMakeFiles/CMakeTmp'
Building C object CMakeFiles/cmTC_d3d39.dir/src.c.o
/usr/bin/cc -DCXX_HAS_AVX_1  -mavx -o CMakeFiles/cmTC_d3d39.dir/src.c.o -c /store/MDA_project/distopia2/build/CMakeFiles/CMakeTmp/src.c
Linking C executable cmTC_d3d39
/usr/bin/cmake -E cmake_link_script CMakeFiles/cmTC_d3d39.dir/link.txt --verbose=1
/usr/bin/cc  -mavx CMakeFiles/cmTC_d3d39.dir/src.c.o -o cmTC_d3d39 
gmake[1]: Leaving directory '/store/MDA_project/distopia2/build/CMakeFiles/CMakeTmp'


...and run output:

Return value: 1
Source file was:

#if !defined __AVX__ // MSVC supports this flag since MSVS 2013
#error "__AVX__ define is missing"
#endif
#include <immintrin.h>
void test()
{
    __m256 a = _mm256_set1_ps(0.0f);
}
int main() { return 0; }
Performing C SOURCE FILE Test CXX_HAS_AVX2_1 succeeded with the following compile output:
Change Dir: /store/MDA_project/distopia2/build/CMakeFiles/CMakeTmp

Run Build Command(s):/usr/bin/gmake -f Makefile cmTC_a0d8d/fast && /usr/bin/gmake  -f CMakeFiles/cmTC_a0d8d.dir/build.make CMakeFiles/cmTC_a0d8d.dir/build
gmake[1]: Entering directory '/store/MDA_project/distopia2/build/CMakeFiles/CMakeTmp'
Building C object CMakeFiles/cmTC_a0d8d.dir/src.c.o
/usr/bin/cc -DCXX_HAS_AVX2_1  -mavx2 -o CMakeFiles/cmTC_a0d8d.dir/src.c.o -c /store/MDA_project/distopia2/build/CMakeFiles/CMakeTmp/src.c
Linking C executable cmTC_a0d8d
/usr/bin/cmake -E cmake_link_script CMakeFiles/cmTC_a0d8d.dir/link.txt --verbose=1
/usr/bin/cc  -mavx2 CMakeFiles/cmTC_a0d8d.dir/src.c.o -o cmTC_a0d8d 
gmake[1]: Leaving directory '/store/MDA_project/distopia2/build/CMakeFiles/CMakeTmp'


...and run output:

Return value: 1
Source file was:

#if !defined __AVX2__ // MSVC supports this flag since MSVS 2013
#error "__AVX2__ define is missing"
#endif
#include <immintrin.h>
void test()
{
    int data[8] = {0,0,0,0, 0,0,0,0};
    __m256i a = _mm256_loadu_si256((const __m256i *)data);
    __m256i b = _mm256_bslli_epi128(a, 1);  // available in GCC 4.9.3+
}
int main() { return 0; }
